<?xml version="1.0" encoding="UTF-8"?>
<testng-results total="1" passed="1" failed="0" skipped="0">
  <reporter-output>
  </reporter-output>
  <suite started-at="2023-07-30T17:49:12Z" name="Default Suite" finished-at="2023-07-30T17:49:16Z" duration-ms="4198">
    <groups>
    </groups>
    <test started-at="2023-07-30T17:49:12Z" name="MyMavenProject" finished-at="2023-07-30T17:49:16Z" duration-ms="4198">
      <class name="AllTasks.Task4_Part_2_and_3">
        <test-method signature="Task4()[pri:0, instance:AllTasks.Task4_Part_2_and_3@117e949d]" started-at="2023-07-30T22:49:12Z" name="Task4" finished-at="2023-07-30T22:49:16Z" duration-ms="4182" status="PASS">
          <reporter-output>
          </reporter-output>
        </test-method> <!-- Task4 -->
      </class> <!-- AllTasks.Task4_Part_2_and_3 -->
    </test> <!-- MyMavenProject -->
  </suite> <!-- Default Suite -->
</testng-results>
