<?xml version="1.0" encoding="UTF-8"?>
<testng-results total="1" passed="1" failed="0" skipped="0">
  <reporter-output>
  </reporter-output>
  <suite started-at="2023-07-30T17:52:51Z" name="Default Suite" finished-at="2023-07-30T17:52:55Z" duration-ms="4017">
    <groups>
    </groups>
    <test started-at="2023-07-30T17:52:51Z" name="MyMavenProject" finished-at="2023-07-30T17:52:55Z" duration-ms="4017">
      <class name="AllTasks.Task4_Part_1">
        <test-method signature="tests()[pri:0, instance:AllTasks.Task4_Part_1@e4487af]" started-at="2023-07-30T22:52:51Z" name="tests" finished-at="2023-07-30T22:52:55Z" duration-ms="4000" status="PASS">
          <reporter-output>
          </reporter-output>
        </test-method> <!-- tests -->
      </class> <!-- AllTasks.Task4_Part_1 -->
    </test> <!-- MyMavenProject -->
  </suite> <!-- Default Suite -->
</testng-results>
